I, [2015-05-06T10:25:16.211337 #18929]  INFO -- Kitchen: -----> Starting Kitchen (v1.3.1)
I, [2015-05-06T10:25:16.627960 #18929]  INFO -- Kitchen: -----> Creating <default-precise64>...
I, [2015-05-06T10:26:20.948225 #18929]  INFO -- Kitchen: -----> Converging <default-precise64>...
E, [2015-05-06T10:26:29.593903 #18929] ERROR -- Kitchen: Converge failed on instance <default-precise64>.
I, [2015-05-06T10:28:14.106742 #19048]  INFO -- Kitchen: -----> Starting Kitchen (v1.3.1)
I, [2015-05-06T10:28:14.481079 #19048]  INFO -- Kitchen: -----> Converging <default-precise64>...
E, [2015-05-06T10:28:22.624233 #19048] ERROR -- Kitchen: Converge failed on instance <default-precise64>.
I, [2015-05-06T10:29:41.693259 #19066]  INFO -- Kitchen: -----> Starting Kitchen (v1.3.1)
I, [2015-05-06T10:29:42.057313 #19066]  INFO -- Kitchen: -----> Converging <default-precise64>...
I, [2015-05-06T10:29:49.919621 #19066]  INFO -- Kitchen: -----> Kitchen is finished. (0m8.23s)
I, [2015-05-06T10:29:56.624233 #19081]  INFO -- Kitchen: -----> Starting Kitchen (v1.3.1)
I, [2015-05-06T10:29:56.916871 #19081]  INFO -- Kitchen: -----> Converging <default-precise64>...
E, [2015-05-06T10:30:04.799850 #19081] ERROR -- Kitchen: Converge failed on instance <default-precise64>.
I, [2015-05-06T10:30:32.357913 #19099]  INFO -- Kitchen: -----> Starting Kitchen (v1.3.1)
I, [2015-05-06T10:30:32.713058 #19099]  INFO -- Kitchen: -----> Converging <default-precise64>...
I, [2015-05-06T10:30:40.452728 #19099]  INFO -- Kitchen: -----> Kitchen is finished. (0m8.09s)
I, [2015-05-06T10:33:05.475653 #19131]  INFO -- Kitchen: -----> Starting Kitchen (v1.3.1)
I, [2015-05-06T10:33:05.822280 #19131]  INFO -- Kitchen: -----> Setting up <default-precise64>...
I, [2015-05-06T10:33:46.997708 #19131]  INFO -- Kitchen: -----> Verifying <default-precise64>...
E, [2015-05-06T10:34:13.672967 #19131] ERROR -- Kitchen: Verify failed on instance <default-precise64>.
I, [2015-05-06T10:40:06.119774 #19251]  INFO -- Kitchen: -----> Starting Kitchen (v1.3.1)
I, [2015-05-06T10:40:06.482736 #19251]  INFO -- Kitchen: -----> Verifying <default-precise64>...
E, [2015-05-06T10:40:08.287079 #19251] ERROR -- Kitchen: Verify failed on instance <default-precise64>.
I, [2015-05-06T10:40:45.194975 #19265]  INFO -- Kitchen: -----> Starting Kitchen (v1.3.1)
I, [2015-05-06T10:40:45.434534 #19265]  INFO -- Kitchen: -----> Verifying <default-precise64>...
E, [2015-05-06T10:40:47.441434 #19265] ERROR -- Kitchen: ------Exception-------
E, [2015-05-06T10:40:47.441489 #19265] ERROR -- Kitchen: Class: Kitchen::ActionFailed
E, [2015-05-06T10:40:47.441528 #19265] ERROR -- Kitchen: Message: Failed to complete #verify action: [Connection refused - connect(2) for "127.0.0.1" port 2200]
E, [2015-05-06T10:40:47.441546 #19265] ERROR -- Kitchen: ---Nested Exception---
E, [2015-05-06T10:40:47.441559 #19265] ERROR -- Kitchen: Class: Errno::ECONNREFUSED
E, [2015-05-06T10:40:47.441572 #19265] ERROR -- Kitchen: Message: Connection refused - connect(2) for "127.0.0.1" port 2200
E, [2015-05-06T10:40:47.441584 #19265] ERROR -- Kitchen: ------Backtrace-------
E, [2015-05-06T10:40:47.441596 #19265] ERROR -- Kitchen: /opt/chefdk/embedded/lib/ruby/gems/2.1.0/gems/net-ssh-2.9.2/lib/net/ssh/transport/session.rb:70:in `initialize'
E, [2015-05-06T10:40:47.441610 #19265] ERROR -- Kitchen: /opt/chefdk/embedded/lib/ruby/gems/2.1.0/gems/net-ssh-2.9.2/lib/net/ssh/transport/session.rb:70:in `open'
E, [2015-05-06T10:40:47.441622 #19265] ERROR -- Kitchen: /opt/chefdk/embedded/lib/ruby/gems/2.1.0/gems/net-ssh-2.9.2/lib/net/ssh/transport/session.rb:70:in `block in initialize'
E, [2015-05-06T10:40:47.441635 #19265] ERROR -- Kitchen: /opt/chefdk/embedded/lib/ruby/2.1.0/timeout.rb:76:in `timeout'
E, [2015-05-06T10:40:47.441647 #19265] ERROR -- Kitchen: /opt/chefdk/embedded/lib/ruby/2.1.0/timeout.rb:127:in `timeout'
E, [2015-05-06T10:40:47.441659 #19265] ERROR -- Kitchen: /opt/chefdk/embedded/lib/ruby/gems/2.1.0/gems/net-ssh-2.9.2/lib/net/ssh/transport/session.rb:67:in `initialize'
E, [2015-05-06T10:40:47.441672 #19265] ERROR -- Kitchen: /opt/chefdk/embedded/lib/ruby/gems/2.1.0/gems/net-ssh-2.9.2/lib/net/ssh.rb:207:in `new'
E, [2015-05-06T10:40:47.441724 #19265] ERROR -- Kitchen: /opt/chefdk/embedded/lib/ruby/gems/2.1.0/gems/net-ssh-2.9.2/lib/net/ssh.rb:207:in `start'
E, [2015-05-06T10:40:47.441739 #19265] ERROR -- Kitchen: /opt/chefdk/embedded/apps/test-kitchen/lib/kitchen/ssh.rb:201:in `establish_connection'
E, [2015-05-06T10:40:47.441752 #19265] ERROR -- Kitchen: /opt/chefdk/embedded/apps/test-kitchen/lib/kitchen/ssh.rb:184:in `session'
E, [2015-05-06T10:40:47.441765 #19265] ERROR -- Kitchen: /opt/chefdk/embedded/apps/test-kitchen/lib/kitchen/ssh.rb:236:in `exec_with_exit'
E, [2015-05-06T10:40:47.441780 #19265] ERROR -- Kitchen: /opt/chefdk/embedded/apps/test-kitchen/lib/kitchen/ssh.rb:81:in `exec'
E, [2015-05-06T10:40:47.441794 #19265] ERROR -- Kitchen: /opt/chefdk/embedded/apps/test-kitchen/lib/kitchen/driver/ssh_base.rb:150:in `run_remote'
E, [2015-05-06T10:40:47.441806 #19265] ERROR -- Kitchen: /opt/chefdk/embedded/apps/test-kitchen/lib/kitchen/driver/ssh_base.rb:66:in `block in verify'
E, [2015-05-06T10:40:47.441818 #19265] ERROR -- Kitchen: /opt/chefdk/embedded/apps/test-kitchen/lib/kitchen/ssh.rb:70:in `initialize'
E, [2015-05-06T10:40:47.441830 #19265] ERROR -- Kitchen: /opt/chefdk/embedded/apps/test-kitchen/lib/kitchen/driver/ssh_base.rb:65:in `new'
E, [2015-05-06T10:40:47.441842 #19265] ERROR -- Kitchen: /opt/chefdk/embedded/apps/test-kitchen/lib/kitchen/driver/ssh_base.rb:65:in `verify'
E, [2015-05-06T10:40:47.441855 #19265] ERROR -- Kitchen: /opt/chefdk/embedded/apps/test-kitchen/lib/kitchen/instance.rb:352:in `public_send'
E, [2015-05-06T10:40:47.441867 #19265] ERROR -- Kitchen: /opt/chefdk/embedded/apps/test-kitchen/lib/kitchen/instance.rb:352:in `block in perform_action'
E, [2015-05-06T10:40:47.441879 #19265] ERROR -- Kitchen: /opt/chefdk/embedded/apps/test-kitchen/lib/kitchen/instance.rb:416:in `call'
E, [2015-05-06T10:40:47.441891 #19265] ERROR -- Kitchen: /opt/chefdk/embedded/apps/test-kitchen/lib/kitchen/instance.rb:416:in `synchronize_or_call'
E, [2015-05-06T10:40:47.441903 #19265] ERROR -- Kitchen: /opt/chefdk/embedded/apps/test-kitchen/lib/kitchen/instance.rb:381:in `block in action'
E, [2015-05-06T10:40:47.441915 #19265] ERROR -- Kitchen: /opt/chefdk/embedded/lib/ruby/2.1.0/benchmark.rb:279:in `measure'
E, [2015-05-06T10:40:47.441962 #19265] ERROR -- Kitchen: /opt/chefdk/embedded/apps/test-kitchen/lib/kitchen/instance.rb:380:in `action'
E, [2015-05-06T10:40:47.441975 #19265] ERROR -- Kitchen: /opt/chefdk/embedded/apps/test-kitchen/lib/kitchen/instance.rb:352:in `perform_action'
E, [2015-05-06T10:40:47.441987 #19265] ERROR -- Kitchen: /opt/chefdk/embedded/apps/test-kitchen/lib/kitchen/instance.rb:330:in `verify_action'
E, [2015-05-06T10:40:47.441999 #19265] ERROR -- Kitchen: /opt/chefdk/embedded/apps/test-kitchen/lib/kitchen/instance.rb:292:in `block in transition_to'
E, [2015-05-06T10:40:47.442012 #19265] ERROR -- Kitchen: /opt/chefdk/embedded/apps/test-kitchen/lib/kitchen/instance.rb:291:in `each'
E, [2015-05-06T10:40:47.442024 #19265] ERROR -- Kitchen: /opt/chefdk/embedded/apps/test-kitchen/lib/kitchen/instance.rb:291:in `transition_to'
E, [2015-05-06T10:40:47.442036 #19265] ERROR -- Kitchen: /opt/chefdk/embedded/apps/test-kitchen/lib/kitchen/instance.rb:152:in `verify'
E, [2015-05-06T10:40:47.442050 #19265] ERROR -- Kitchen: /opt/chefdk/embedded/apps/test-kitchen/lib/kitchen/command.rb:176:in `public_send'
E, [2015-05-06T10:40:47.442063 #19265] ERROR -- Kitchen: /opt/chefdk/embedded/apps/test-kitchen/lib/kitchen/command.rb:176:in `block (2 levels) in run_action'
E, [2015-05-06T10:40:47.442075 #19265] ERROR -- Kitchen: ----------------------
I, [2015-05-06T10:40:59.356368 #19276]  INFO -- Kitchen: -----> Starting Kitchen (v1.3.1)
I, [2015-05-06T10:40:59.600030 #19276]  INFO -- Kitchen: -----> Converging <default-precise64>...
E, [2015-05-06T10:41:01.657544 #19276] ERROR -- Kitchen: ------Exception-------
E, [2015-05-06T10:41:01.657589 #19276] ERROR -- Kitchen: Class: Kitchen::ActionFailed
E, [2015-05-06T10:41:01.657613 #19276] ERROR -- Kitchen: Message: Failed to complete #converge action: [Connection refused - connect(2) for "127.0.0.1" port 2200]
E, [2015-05-06T10:41:01.657646 #19276] ERROR -- Kitchen: ---Nested Exception---
E, [2015-05-06T10:41:01.657681 #19276] ERROR -- Kitchen: Class: Errno::ECONNREFUSED
E, [2015-05-06T10:41:01.657704 #19276] ERROR -- Kitchen: Message: Connection refused - connect(2) for "127.0.0.1" port 2200
E, [2015-05-06T10:41:01.657745 #19276] ERROR -- Kitchen: ------Backtrace-------
E, [2015-05-06T10:41:01.657767 #19276] ERROR -- Kitchen: /opt/chefdk/embedded/lib/ruby/gems/2.1.0/gems/net-ssh-2.9.2/lib/net/ssh/transport/session.rb:70:in `initialize'
E, [2015-05-06T10:41:01.657779 #19276] ERROR -- Kitchen: /opt/chefdk/embedded/lib/ruby/gems/2.1.0/gems/net-ssh-2.9.2/lib/net/ssh/transport/session.rb:70:in `open'
E, [2015-05-06T10:41:01.657790 #19276] ERROR -- Kitchen: /opt/chefdk/embedded/lib/ruby/gems/2.1.0/gems/net-ssh-2.9.2/lib/net/ssh/transport/session.rb:70:in `block in initialize'
E, [2015-05-06T10:41:01.657801 #19276] ERROR -- Kitchen: /opt/chefdk/embedded/lib/ruby/2.1.0/timeout.rb:76:in `timeout'
E, [2015-05-06T10:41:01.657812 #19276] ERROR -- Kitchen: /opt/chefdk/embedded/lib/ruby/2.1.0/timeout.rb:127:in `timeout'
E, [2015-05-06T10:41:01.657825 #19276] ERROR -- Kitchen: /opt/chefdk/embedded/lib/ruby/gems/2.1.0/gems/net-ssh-2.9.2/lib/net/ssh/transport/session.rb:67:in `initialize'
E, [2015-05-06T10:41:01.657852 #19276] ERROR -- Kitchen: /opt/chefdk/embedded/lib/ruby/gems/2.1.0/gems/net-ssh-2.9.2/lib/net/ssh.rb:207:in `new'
E, [2015-05-06T10:41:01.657864 #19276] ERROR -- Kitchen: /opt/chefdk/embedded/lib/ruby/gems/2.1.0/gems/net-ssh-2.9.2/lib/net/ssh.rb:207:in `start'
E, [2015-05-06T10:41:01.657874 #19276] ERROR -- Kitchen: /opt/chefdk/embedded/apps/test-kitchen/lib/kitchen/ssh.rb:201:in `establish_connection'
E, [2015-05-06T10:41:01.657885 #19276] ERROR -- Kitchen: /opt/chefdk/embedded/apps/test-kitchen/lib/kitchen/ssh.rb:184:in `session'
E, [2015-05-06T10:41:01.657896 #19276] ERROR -- Kitchen: /opt/chefdk/embedded/apps/test-kitchen/lib/kitchen/ssh.rb:236:in `exec_with_exit'
E, [2015-05-06T10:41:01.657930 #19276] ERROR -- Kitchen: /opt/chefdk/embedded/apps/test-kitchen/lib/kitchen/ssh.rb:81:in `exec'
E, [2015-05-06T10:41:01.657980 #19276] ERROR -- Kitchen: /opt/chefdk/embedded/apps/test-kitchen/lib/kitchen/driver/ssh_base.rb:150:in `run_remote'
E, [2015-05-06T10:41:01.658009 #19276] ERROR -- Kitchen: /opt/chefdk/embedded/apps/test-kitchen/lib/kitchen/driver/ssh_base.rb:46:in `block in converge'
E, [2015-05-06T10:41:01.658043 #19276] ERROR -- Kitchen: /opt/chefdk/embedded/apps/test-kitchen/lib/kitchen/ssh.rb:70:in `initialize'
E, [2015-05-06T10:41:01.658056 #19276] ERROR -- Kitchen: /opt/chefdk/embedded/apps/test-kitchen/lib/kitchen/driver/ssh_base.rb:45:in `new'
E, [2015-05-06T10:41:01.658069 #19276] ERROR -- Kitchen: /opt/chefdk/embedded/apps/test-kitchen/lib/kitchen/driver/ssh_base.rb:45:in `converge'
E, [2015-05-06T10:41:01.658080 #19276] ERROR -- Kitchen: /opt/chefdk/embedded/apps/test-kitchen/lib/kitchen/instance.rb:352:in `public_send'
E, [2015-05-06T10:41:01.658091 #19276] ERROR -- Kitchen: /opt/chefdk/embedded/apps/test-kitchen/lib/kitchen/instance.rb:352:in `block in perform_action'
E, [2015-05-06T10:41:01.658102 #19276] ERROR -- Kitchen: /opt/chefdk/embedded/apps/test-kitchen/lib/kitchen/instance.rb:416:in `call'
E, [2015-05-06T10:41:01.658112 #19276] ERROR -- Kitchen: /opt/chefdk/embedded/apps/test-kitchen/lib/kitchen/instance.rb:416:in `synchronize_or_call'
E, [2015-05-06T10:41:01.658123 #19276] ERROR -- Kitchen: /opt/chefdk/embedded/apps/test-kitchen/lib/kitchen/instance.rb:381:in `block in action'
E, [2015-05-06T10:41:01.658134 #19276] ERROR -- Kitchen: /opt/chefdk/embedded/lib/ruby/2.1.0/benchmark.rb:279:in `measure'
E, [2015-05-06T10:41:01.658145 #19276] ERROR -- Kitchen: /opt/chefdk/embedded/apps/test-kitchen/lib/kitchen/instance.rb:380:in `action'
E, [2015-05-06T10:41:01.658155 #19276] ERROR -- Kitchen: /opt/chefdk/embedded/apps/test-kitchen/lib/kitchen/instance.rb:352:in `perform_action'
E, [2015-05-06T10:41:01.658185 #19276] ERROR -- Kitchen: /opt/chefdk/embedded/apps/test-kitchen/lib/kitchen/instance.rb:312:in `converge_action'
E, [2015-05-06T10:41:01.658203 #19276] ERROR -- Kitchen: /opt/chefdk/embedded/apps/test-kitchen/lib/kitchen/instance.rb:292:in `block in transition_to'
E, [2015-05-06T10:41:01.658216 #19276] ERROR -- Kitchen: /opt/chefdk/embedded/apps/test-kitchen/lib/kitchen/instance.rb:291:in `each'
E, [2015-05-06T10:41:01.658226 #19276] ERROR -- Kitchen: /opt/chefdk/embedded/apps/test-kitchen/lib/kitchen/instance.rb:291:in `transition_to'
E, [2015-05-06T10:41:01.658237 #19276] ERROR -- Kitchen: /opt/chefdk/embedded/apps/test-kitchen/lib/kitchen/instance.rb:130:in `converge'
E, [2015-05-06T10:41:01.658248 #19276] ERROR -- Kitchen: /opt/chefdk/embedded/apps/test-kitchen/lib/kitchen/command.rb:176:in `public_send'
E, [2015-05-06T10:41:01.658259 #19276] ERROR -- Kitchen: /opt/chefdk/embedded/apps/test-kitchen/lib/kitchen/command.rb:176:in `block (2 levels) in run_action'
E, [2015-05-06T10:41:01.658270 #19276] ERROR -- Kitchen: ----------------------
I, [2015-05-06T10:41:18.891746 #19291]  INFO -- Kitchen: -----> Starting Kitchen (v1.3.1)
I, [2015-05-06T10:41:19.127062 #19291]  INFO -- Kitchen: -----> Destroying <default-precise64>...
I, [2015-05-06T10:41:20.721500 #19291]  INFO -- Kitchen: -----> Kitchen is finished. (0m1.83s)
I, [2015-05-06T10:41:23.207612 #19318]  INFO -- Kitchen: -----> Starting Kitchen (v1.3.1)
I, [2015-05-06T10:41:23.442418 #19318]  INFO -- Kitchen: -----> Creating <default-precise64>...
I, [2015-05-06T10:42:24.357678 #19318]  INFO -- Kitchen: -----> Converging <default-precise64>...
E, [2015-05-06T10:42:33.258019 #19318] ERROR -- Kitchen: Converge failed on instance <default-precise64>.
I, [2015-05-06T10:43:51.804983 #19429]  INFO -- Kitchen: -----> Starting Kitchen (v1.3.1)
I, [2015-05-06T10:43:52.190108 #19429]  INFO -- Kitchen: -----> Converging <default-precise64>...
E, [2015-05-06T10:44:00.005188 #19429] ERROR -- Kitchen: Converge failed on instance <default-precise64>.
I, [2015-05-06T10:45:00.326517 #19458]  INFO -- Kitchen: -----> Starting Kitchen (v1.3.1)
I, [2015-05-06T10:45:00.705006 #19458]  INFO -- Kitchen: -----> Converging <default-precise64>...
E, [2015-05-06T10:45:08.487342 #19458] ERROR -- Kitchen: Converge failed on instance <default-precise64>.
I, [2015-05-06T10:45:36.053058 #19475]  INFO -- Kitchen: -----> Starting Kitchen (v1.3.1)
I, [2015-05-06T10:45:36.548465 #19475]  INFO -- Kitchen: -----> Converging <default-precise64>...
E, [2015-05-06T10:45:45.078028 #19475] ERROR -- Kitchen: Converge failed on instance <default-precise64>.
I, [2015-05-06T10:46:17.968795 #19493]  INFO -- Kitchen: -----> Starting Kitchen (v1.3.1)
I, [2015-05-06T10:46:18.378267 #19493]  INFO -- Kitchen: -----> Converging <default-precise64>...
I, [2015-05-06T10:50:46.015779 #19493]  INFO -- Kitchen: -----> Kitchen is finished. (4m28.05s)
I, [2015-05-06T10:52:48.413340 #19507]  INFO -- Kitchen: -----> Starting Kitchen (v1.3.1)
I, [2015-05-06T10:52:48.784182 #19507]  INFO -- Kitchen: -----> Setting up <default-precise64>...
I, [2015-05-06T10:53:31.460081 #19507]  INFO -- Kitchen: -----> Verifying <default-precise64>...
I, [2015-05-06T10:54:01.164604 #19507]  INFO -- Kitchen: -----> Kitchen is finished. (1m12.75s)
